#
# There is insufficient memory for the Java Runtime Environment to continue.
# Native memory allocation (malloc) failed to allocate 1587136 bytes for Chunk::new
# Possible reasons:
#   The system is out of physical RAM or swap space
#   In 32 bit mode, the process size limit was hit
# Possible solutions:
#   Reduce memory load on the system
#   Increase physical memory or swap space
#   Check if swap backing store is full
#   Use 64 bit Java on a 64 bit OS
#   Decrease Java heap size (-Xmx/-Xms)
#   Decrease number of Java threads
#   Decrease Java thread stack sizes (-Xss)
#   Set larger code cache with -XX:ReservedCodeCacheSize=
# This output file may be truncated or incomplete.
#
#  Out of Memory Error (allocation.cpp:390), pid=38076, tid=36148
#
# JRE version: Java(TM) SE Runtime Environment (8.0_91-b14) (build 1.8.0_91-b14)
# Java VM: Java HotSpot(TM) 64-Bit Server VM (25.91-b14 mixed mode windows-amd64 compressed oops)
# Failed to write core dump. Minidumps are not enabled by default on client versions of Windows
#

---------------  T H R E A D  ---------------

Current thread (0x000000001deaa000):  JavaThread "C2 CompilerThread0" daemon [_thread_in_native, id=36148, stack(0x000000001e270000,0x000000001e370000)]

Stack: [0x000000001e270000,0x000000001e370000]
[error occurred during error reporting (printing stack bounds), id 0xc0000005]

Native frames: (J=compiled Java code, j=interpreted, Vv=VM code, C=native code)


Current CompileTask:
C2:  12496 1956   !   4       java.net.URLClassLoader$1::run (63 bytes)


---------------  P R O C E S S  ---------------

Java Threads: ( => current thread )
  0x0000000020d43000 JavaThread "scala-execution-context-global-19" daemon [_thread_blocked, id=17232, stack(0x0000000022520000,0x0000000022620000)]
  0x0000000020eaa800 JavaThread "scala-execution-context-global-18" daemon [_thread_blocked, id=1924, stack(0x0000000022220000,0x0000000022320000)]
  0x0000000020b2d000 JavaThread "GatlingSystem-akka.actor.default-dispatcher-6" [_thread_blocked, id=36808, stack(0x0000000022120000,0x0000000022220000)]
  0x0000000020b48800 JavaThread "GatlingSystem-akka.actor.default-dispatcher-5" [_thread_blocked, id=29732, stack(0x0000000022020000,0x0000000022120000)]
  0x0000000020b2a800 JavaThread "GatlingSystem-akka.actor.default-dispatcher-4" [_thread_blocked, id=18000, stack(0x0000000021f20000,0x0000000022020000)]
  0x0000000020b13000 JavaThread "GatlingSystem-akka.actor.default-dispatcher-3" [_thread_blocked, id=19064, stack(0x0000000021c20000,0x0000000021d20000)]
  0x0000000020af7000 JavaThread "GatlingSystem-akka.actor.default-dispatcher-2" [_thread_blocked, id=38320, stack(0x0000000021b20000,0x0000000021c20000)]
  0x0000000020a13800 JavaThread "GatlingSystem-scheduler-1" [_thread_blocked, id=21968, stack(0x0000000021820000,0x0000000021920000)]
  0x000000001df47800 JavaThread "Service Thread" daemon [_thread_blocked, id=2608, stack(0x000000001e570000,0x000000001e670000)]
  0x000000001df0f800 JavaThread "C1 CompilerThread2" daemon [_thread_blocked, id=26412, stack(0x000000001e470000,0x000000001e570000)]
  0x000000001dead800 JavaThread "C2 CompilerThread1" daemon [_thread_in_native, id=34488, stack(0x000000001e370000,0x000000001e470000)]
=>0x000000001deaa000 JavaThread "C2 CompilerThread0" daemon [_thread_in_native, id=36148, stack(0x000000001e270000,0x000000001e370000)]
  0x000000001de93800 JavaThread "Monitor Ctrl-Break" daemon [_thread_in_native, id=14680, stack(0x000000001e170000,0x000000001e270000)]
  0x000000001dbb2800 JavaThread "Attach Listener" daemon [_thread_blocked, id=36748, stack(0x000000001e070000,0x000000001e170000)]
  0x000000001c813000 JavaThread "Signal Dispatcher" daemon [_thread_blocked, id=17048, stack(0x000000001df70000,0x000000001e070000)]
  0x000000001c7e9000 JavaThread "Finalizer" daemon [_thread_blocked, id=9932, stack(0x000000001da70000,0x000000001db70000)]
  0x0000000003215000 JavaThread "Reference Handler" daemon [_thread_blocked, id=24372, stack(0x000000001d970000,0x000000001da70000)]
  0x0000000003125000 JavaThread "main" [_thread_in_native, id=6660, stack(0x0000000002f00000,0x0000000003000000)]

Other Threads:
  0x000000001c7c7000 VMThread [stack: 0x000000001d870000,0x000000001d970000] [id=31044]
  0x000000001e67a800 WatcherThread [stack: 0x000000001ee70000,0x000000001ef70000] [id=37868]

VM state:not at safepoint (normal execution)

VM Mutex/Monitor currently owned by a thread: None

Heap:
 PSYoungGen      total 120832K, used 32247K [0x000000076b380000, 0x0000000773600000, 0x00000007c0000000)
  eden space 110080K, 29% used [0x000000076b380000,0x000000076d2fdd80,0x0000000771f00000)
  from space 10752K, 0% used [0x0000000772980000,0x0000000772980000,0x0000000773400000)
  to   space 10752K, 0% used [0x0000000771f00000,0x0000000771f00000,0x0000000772980000)
 ParOldGen       total 111104K, used 8595K [0x00000006c1a00000, 0x00000006c8680000, 0x000000076b380000)
  object space 111104K, 7% used [0x00000006c1a00000,0x00000006c2264d98,0x00000006c8680000)
 Metaspace       used 31707K, capacity 33124K, committed 33152K, reserved 1079296K
  class space    used 5063K, capacity 5236K, committed 5248K, reserved 1048576K

Card table byte_map: [0x00000000125e0000,0x0000000012de0000] byte_map_base: 0x000000000efd3000

Marking Bits: (ParMarkBitMap*) 0x000000005cf82f70
 Begin Bits: [0x0000000013730000, 0x00000000176c8000)
 End Bits:   [0x00000000176c8000, 0x000000001b660000)

Polling page: 0x0000000000e40000

CodeCache: size=245760Kb used=6519Kb max_used=6519Kb free=239240Kb
 bounds [0x0000000003220000, 0x0000000003890000, 0x0000000012220000]
 total_blobs=2431 nmethods=1967 adapters=376
 compilation: enabled

Compilation events (10 events):
Event: 12.455 Thread 0x000000001df0f800 1964       3       scala.Some::<init> (10 bytes)
Event: 12.455 Thread 0x000000001df0f800 nmethod 1964 0x0000000003881790 code [0x0000000003881900, 0x0000000003881b90]
Event: 12.463 Thread 0x000000001df0f800 1966       1       java.util.concurrent.CopyOnWriteArrayList::getArray (5 bytes)
Event: 12.463 Thread 0x000000001df0f800 nmethod 1966 0x0000000003881c90 code [0x0000000003881de0, 0x0000000003881ef0]
Event: 12.468 Thread 0x000000001df0f800 1967       3       scala.collection.MapLike::$init$ (1 bytes)
Event: 12.468 Thread 0x000000001df0f800 nmethod 1967 0x0000000003881f50 code [0x00000000038820a0, 0x00000000038821d0]
Event: 12.468 Thread 0x000000001df0f800 1968       3       scala.collection.Map::$init$ (1 bytes)
Event: 12.469 Thread 0x000000001df0f800 nmethod 1968 0x0000000003882250 code [0x00000000038823a0, 0x00000000038824d0]
Event: 12.471 Thread 0x000000001df0f800 1969       1       akka.actor.ActorCell::dispatcher (5 bytes)
Event: 12.471 Thread 0x000000001df0f800 nmethod 1969 0x0000000003882550 code [0x00000000038826a0, 0x00000000038827b0]

GC Heap History (10 events):
Event: 3.441 GC heap before
{Heap before GC invocations=2 (full 0):
 PSYoungGen      total 76288K, used 18891K [0x000000076b380000, 0x0000000770880000, 0x00000007c0000000)
  eden space 65536K, 13% used [0x000000076b380000,0x000000076bc4d4c8,0x000000076f380000)
  from space 10752K, 91% used [0x000000076f380000,0x000000076fd25768,0x000000076fe00000)
  to   space 10752K, 0% used [0x000000076fe00000,0x000000076fe00000,0x0000000770880000)
 ParOldGen       total 175104K, used 80K [0x00000006c1a00000, 0x00000006cc500000, 0x000000076b380000)
  object space 175104K, 0% used [0x00000006c1a00000,0x00000006c1a14010,0x00000006cc500000)
 Metaspace       used 16910K, capacity 17526K, committed 17664K, reserved 1069056K
  class space    used 2345K, capacity 2477K, committed 2560K, reserved 1048576K
Event: 3.445 GC heap after
Heap after GC invocations=2 (full 0):
 PSYoungGen      total 76288K, used 4768K [0x000000076b380000, 0x0000000770880000, 0x00000007c0000000)
  eden space 65536K, 0% used [0x000000076b380000,0x000000076b380000,0x000000076f380000)
  from space 10752K, 44% used [0x000000076fe00000,0x00000007702a8348,0x0000000770880000)
  to   space 10752K, 0% used [0x000000076f380000,0x000000076f380000,0x000000076fe00000)
 ParOldGen       total 175104K, used 88K [0x00000006c1a00000, 0x00000006cc500000, 0x000000076b380000)
  object space 175104K, 0% used [0x00000006c1a00000,0x00000006c1a16010,0x00000006cc500000)
 Metaspace       used 16910K, capacity 17526K, committed 17664K, reserved 1069056K
  class space    used 2345K, capacity 2477K, committed 2560K, reserved 1048576K
}
Event: 3.446 GC heap before
{Heap before GC invocations=3 (full 1):
 PSYoungGen      total 76288K, used 4768K [0x000000076b380000, 0x0000000770880000, 0x00000007c0000000)
  eden space 65536K, 0% used [0x000000076b380000,0x000000076b380000,0x000000076f380000)
  from space 10752K, 44% used [0x000000076fe00000,0x00000007702a8348,0x0000000770880000)
  to   space 10752K, 0% used [0x000000076f380000,0x000000076f380000,0x000000076fe00000)
 ParOldGen       total 175104K, used 88K [0x00000006c1a00000, 0x00000006cc500000, 0x000000076b380000)
  object space 175104K, 0% used [0x00000006c1a00000,0x00000006c1a16010,0x00000006cc500000)
 Metaspace       used 16910K, capacity 17526K, committed 17664K, reserved 1069056K
  class space    used 2345K, capacity 2477K, committed 2560K, reserved 1048576K
Event: 3.467 GC heap after
Heap after GC invocations=3 (full 1):
 PSYoungGen      total 76288K, used 0K [0x000000076b380000, 0x0000000770880000, 0x00000007c0000000)
  eden space 65536K, 0% used [0x000000076b380000,0x000000076b380000,0x000000076f380000)
  from space 10752K, 0% used [0x000000076fe00000,0x000000076fe00000,0x0000000770880000)
  to   space 10752K, 0% used [0x000000076f380000,0x000000076f380000,0x000000076fe00000)
 ParOldGen       total 87040K, used 4658K [0x00000006c1a00000, 0x00000006c6f00000, 0x000000076b380000)
  object space 87040K, 5% used [0x00000006c1a00000,0x00000006c1e8cab8,0x00000006c6f00000)
 Metaspace       used 16910K, capacity 17526K, committed 17664K, reserved 1067008K
  class space    used 2345K, capacity 2477K, committed 2560K, reserved 1048576K
}
Event: 11.764 GC heap before
{Heap before GC invocations=4 (full 1):
 PSYoungGen      total 76288K, used 65536K [0x000000076b380000, 0x0000000770880000, 0x00000007c0000000)
  eden space 65536K, 100% used [0x000000076b380000,0x000000076f380000,0x000000076f380000)
  from space 10752K, 0% used [0x000000076fe00000,0x000000076fe00000,0x0000000770880000)
  to   space 10752K, 0% used [0x000000076f380000,0x000000076f380000,0x000000076fe00000)
 ParOldGen       total 87040K, used 4658K [0x00000006c1a00000, 0x00000006c6f00000, 0x000000076b380000)
  object space 87040K, 5% used [0x00000006c1a00000,0x00000006c1e8cab8,0x00000006c6f00000)
 Metaspace       used 26515K, capacity 27612K, committed 27776K, reserved 1073152K
  class space    used 4229K, capacity 4365K, committed 4480K, reserved 1048576K
Event: 11.775 GC heap after
Heap after GC invocations=4 (full 1):
 PSYoungGen      total 76288K, used 9113K [0x000000076b380000, 0x0000000773400000, 0x00000007c0000000)
  eden space 65536K, 0% used [0x000000076b380000,0x000000076b380000,0x000000076f380000)
  from space 10752K, 84% used [0x000000076f380000,0x000000076fc66768,0x000000076fe00000)
  to   space 10752K, 0% used [0x0000000772980000,0x0000000772980000,0x0000000773400000)
 ParOldGen       total 87040K, used 4666K [0x00000006c1a00000, 0x00000006c6f00000, 0x000000076b380000)
  object space 87040K, 5% used [0x00000006c1a00000,0x00000006c1e8eab8,0x00000006c6f00000)
 Metaspace       used 26515K, capacity 27612K, committed 27776K, reserved 1073152K
  class space    used 4229K, capacity 4365K, committed 4480K, reserved 1048576K
}
Event: 11.997 GC heap before
{Heap before GC invocations=5 (full 1):
 PSYoungGen      total 76288K, used 25263K [0x000000076b380000, 0x0000000773400000, 0x00000007c0000000)
  eden space 65536K, 24% used [0x000000076b380000,0x000000076c3457a0,0x000000076f380000)
  from space 10752K, 84% used [0x000000076f380000,0x000000076fc66768,0x000000076fe00000)
  to   space 10752K, 0% used [0x0000000772980000,0x0000000772980000,0x0000000773400000)
 ParOldGen       total 87040K, used 4666K [0x00000006c1a00000, 0x00000006c6f00000, 0x000000076b380000)
  object space 87040K, 5% used [0x00000006c1a00000,0x00000006c1e8eab8,0x00000006c6f00000)
 Metaspace       used 28202K, capacity 29290K, committed 29440K, reserved 1075200K
  class space    used 4542K, capacity 4688K, committed 4736K, reserved 1048576K
Event: 12.002 GC heap after
Heap after GC invocations=5 (full 1):
 PSYoungGen      total 120832K, used 5027K [0x000000076b380000, 0x0000000773600000, 0x00000007c0000000)
  eden space 110080K, 0% used [0x000000076b380000,0x000000076b380000,0x0000000771f00000)
  from space 10752K, 46% used [0x0000000772980000,0x0000000772e68c60,0x0000000773400000)
  to   space 10752K, 0% used [0x0000000771f00000,0x0000000771f00000,0x0000000772980000)
 ParOldGen       total 87040K, used 4666K [0x00000006c1a00000, 0x00000006c6f00000, 0x000000076b380000)
  object space 87040K, 5% used [0x00000006c1a00000,0x00000006c1e8eab8,0x00000006c6f00000)
 Metaspace       used 28202K, capacity 29290K, committed 29440K, reserved 1075200K
  class space    used 4542K, capacity 4688K, committed 4736K, reserved 1048576K
}
Event: 12.002 GC heap before
{Heap before GC invocations=6 (full 2):
 PSYoungGen      total 120832K, used 5027K [0x000000076b380000, 0x0000000773600000, 0x00000007c0000000)
  eden space 110080K, 0% used [0x000000076b380000,0x000000076b380000,0x0000000771f00000)
  from space 10752K, 46% used [0x0000000772980000,0x0000000772e68c60,0x0000000773400000)
  to   space 10752K, 0% used [0x0000000771f00000,0x0000000771f00000,0x0000000772980000)
 ParOldGen       total 87040K, used 4666K [0x00000006c1a00000, 0x00000006c6f00000, 0x000000076b380000)
  object space 87040K, 5% used [0x00000006c1a00000,0x00000006c1e8eab8,0x00000006c6f00000)
 Metaspace       used 28202K, capacity 29290K, committed 29440K, reserved 1075200K
  class space    used 4542K, capacity 4688K, committed 4736K, reserved 1048576K
Event: 12.031 GC heap after
Heap after GC invocations=6 (full 2):
 PSYoungGen      total 120832K, used 0K [0x000000076b380000, 0x0000000773600000, 0x00000007c0000000)
  eden space 110080K, 0% used [0x000000076b380000,0x000000076b380000,0x0000000771f00000)
  from space 10752K, 0% used [0x0000000772980000,0x0000000772980000,0x0000000773400000)
  to   space 10752K, 0% used [0x0000000771f00000,0x0000000771f00000,0x0000000772980000)
 ParOldGen       total 111104K, used 8595K [0x00000006c1a00000, 0x00000006c8680000, 0x000000076b380000)
  object space 111104K, 7% used [0x00000006c1a00000,0x00000006c2264d98,0x00000006c8680000)
 Metaspace       used 28202K, capacity 29290K, committed 29440K, reserved 1075200K
  class space    used 4542K, capacity 4688K, committed 4736K, reserved 1048576K
}

Deoptimization events (10 events):
Event: 4.227 Thread 0x0000000003125000 Uncommon trap: reason=unstable_if action=reinterpret pc=0x00000000034c46a4 method=java.io.WinNTFileSystem.normalize(Ljava/lang/String;)Ljava/lang/String; @ 128
Event: 4.305 Thread 0x0000000020eaa800 Uncommon trap: reason=unstable_if action=reinterpret pc=0x00000000036bf7ac method=java.io.ByteArrayInputStream.read()I @ 8
Event: 4.391 Thread 0x0000000020eaa800 Uncommon trap: reason=bimorphic action=maybe_recompile pc=0x000000000369b908 method=java.net.URL.<init>(Ljava/net/URL;Ljava/lang/String;Ljava/net/URLStreamHandler;)V @ 504
Event: 4.393 Thread 0x0000000020eaa800 Uncommon trap: reason=unstable_if action=reinterpret pc=0x000000000369bcf0 method=sun.net.www.protocol.jar.Handler.parseURL(Ljava/net/URL;Ljava/lang/String;II)V @ 94
Event: 4.469 Thread 0x0000000020eaa800 Uncommon trap: reason=unstable_if action=reinterpret pc=0x00000000036d771c method=java.lang.CharacterDataLatin1.digit(II)I @ 82
Event: 4.516 Thread 0x0000000020eaa800 Uncommon trap: reason=unstable_if action=reinterpret pc=0x00000000036906d4 method=java.lang.CharacterDataLatin1.digit(II)I @ 82
Event: 4.622 Thread 0x0000000020eaa800 Uncommon trap: reason=unstable_if action=reinterpret pc=0x00000000037679ec method=java.lang.String.indexOf([CII[CIII)I @ 27
Event: 8.702 Thread 0x0000000020a13800 Uncommon trap: reason=unstable_if action=reinterpret pc=0x00000000037e4738 method=akka.dispatch.AbstractNodeQueue.pollNode()Lakka/dispatch/AbstractNodeQueue$Node; @ 20
Event: 12.368 Thread 0x0000000020a13800 Uncommon trap: reason=unstable_if action=reinterpret pc=0x00000000037e4a3c method=akka.dispatch.AbstractNodeQueue.pollNode()Lakka/dispatch/AbstractNodeQueue$Node; @ 20
Event: 12.485 Thread 0x0000000003125000 Uncommon trap: reason=unstable_if action=reinterpret pc=0x0000000003749a4c method=sun.misc.URLClassPath$JarLoader.getResource(Ljava/lang/String;ZLjava/util/Set;)Lsun/misc/Resource; @ 17

Internal exceptions (10 events):
Event: 12.306 Thread 0x0000000003125000 Exception <a 'java/lang/NoSuchMethodError': java.lang.Object.$anonfun$groupBy$1(Lscala/collection/TraversableLike;Lscala/Function1;Lscala/collection/mutable/Map;Ljava/lang/Object;)Lscala/collection/mutable/Builder;> (0x000000076c79f140) thrown at [C:\re\wo?+˛Áú(@
Event: 12.306 Thread 0x0000000003125000 Exception <a 'java/lang/NoSuchMethodError': java.lang.Object.$anonfun$groupBy$2(Lscala/collection/TraversableLike;)Lscala/collection/mutable/Builder;> (0x000000076c7a5a78) thrown at [C:\re\workspace\8-2-build-windows-amd64-cygwin\jdk8u91\6644\hotspot\src\s70h#ù(@
Event: 12.307 Thread 0x0000000003125000 Exception <a 'java/lang/NoSuchMethodError': java.lang.Object.$anonfun$groupBy$3$adapted(Lscala/Tuple2;)Ljava/lang/Object;> (0x000000076c7aada8) thrown at [C:\re\workspace\8-2-build-windows-amd64-cygwin\jdk8u91\6644\hotspot\src\share\vm\interpreter\linkReso∫ΩªMXù(@
Event: 12.307 Thread 0x0000000003125000 Exception <a 'java/lang/NoSuchMethodError': java.lang.Object.$anonfun$groupBy$4(Lscala/collection/mutable/Builder;Lscala/Tuple2;)Lscala/collection/mutable/Builder;> (0x000000076c7aecc0) thrown at [C:\re\workspace\8-2-build-windows-amd64-cygwin\jdk8u91\6644œ»«¢∂(@
Event: 12.356 Thread 0x0000000003125000 Exception <a 'java/lang/NoSuchMethodError': java.lang.Object.$anonfun$zipWith$1(Lscala/concurrent/Future;Lscala/Function2;Lscala/concurrent/ExecutionContext;Ljava/lang/Object;)Lscala/concurrent/Future;> (0x000000076c9e6528) thrown at [C:\re\workspace\8-2-b
Event: 12.356 Thread 0x0000000003125000 Exception <a 'java/lang/NoSuchMethodError': java.lang.Object.$anonfun$flatMap$1(Lscala/concurrent/Future;Lscala/Function1;Lscala/util/Try;)Lscala/concurrent/Future;> (0x000000076c9ed3b0) thrown at [C:\re\workspace\8-2-build-windows-amd64-cygwin\jdk8u91\664Ñ}á∂(@
Event: 12.356 Thread 0x0000000003125000 Exception <a 'java/lang/NoSuchMethodError': java.lang.Object.$anonfun$zipWith$2(Lscala/Function2;Ljava/lang/Object;Ljava/lang/Object;)Ljava/lang/Object;> (0x000000076c9f3188) thrown at [C:\re\workspace\8-2-build-windows-amd64-cygwin\jdk8u91\6644\hotspot\sreD‹≈(@
Event: 12.386 Thread 0x0000000020af7000 Exception <a 'java/lang/NoSuchMethodError': java.lang.Object.$anonfun$makeTransition$1$adapted(Lakka/actor/FSM;Ljava/lang/Object;)Ljava/lang/Object;> (0x000000076cc5bff0) thrown at [C:\re\workspace\8-2-build-windows-amd64-cygwin\jdk8u91\6644\hotspot\src\sh¢≥çˆ.∆(@
Event: 12.387 Thread 0x0000000020af7000 Exception <a 'java/lang/NoSuchMethodError': java.lang.Object.$anonfun$handleTransition$1$adapted(Lscala/Tuple2;Lscala/PartialFunction;)Ljava/lang/Object;> (0x000000076cc60638) thrown at [C:\re\workspace\8-2-build-windows-amd64-cygwin\jdk8u91\6644\hotspot\s+Ò
tÇ(@
Event: 12.470 Thread 0x0000000003125000 Exception <a 'java/lang/NoSuchMethodError': java.lang.Object.$anonfun$build$1(Lio/gatling/core/structure/ScenarioContext;Lio/gatling/core/action/Action;Lio/gatling/core/action/builder/ActionBuilder;)Lio/gatling/core/action/Action;> (0x000000076caf76d0) thr%Íq…ûú(@

Events (10 events):
Event: 12.486 loading class io/netty/util/concurrent/EventExecutorGroup
Event: 12.486 loading class io/netty/util/concurrent/EventExecutorGroup done
Event: 12.487 loading class java/util/concurrent/ScheduledExecutorService
Event: 12.487 loading class java/util/concurrent/ScheduledExecutorService done
Event: 12.488 loading class io/gatling/commons/util/SystemProps$
Event: 12.488 loading class io/gatling/commons/util/SystemProps$ done
Event: 12.488 loading class io/netty/util/internal/logging/Slf4JLoggerFactory
Event: 12.488 loading class io/netty/util/internal/logging/Slf4JLoggerFactory done
Event: 12.489 loading class io/netty/util/internal/logging/InternalLoggerFactory
Event: 12.489 loading class io/netty/util/internal/logging/InternalLoggerFactory done


Dynamic libraries:
0x00007ff6d2950000 - 0x00007ff6d2987000 	C:\Program Files\Java\jdk1.8.0_91\bin\java.exe
0x00007ffc6f7d0000 - 0x00007ffc6f9ab000 	C:\WINDOWS\SYSTEM32\ntdll.dll
0x00007ffc6f2e0000 - 0x00007ffc6f38e000 	C:\WINDOWS\System32\KERNEL32.DLL
0x00007ffc6b470000 - 0x00007ffc6b6ba000 	C:\WINDOWS\System32\KERNELBASE.dll
0x000000005f7b0000 - 0x000000005f845000 	C:\WINDOWS\System32\SYSFER.DLL
0x00007ffc6ca00000 - 0x00007ffc6caa1000 	C:\WINDOWS\System32\ADVAPI32.dll
0x00007ffc6c960000 - 0x00007ffc6c9fd000 	C:\WINDOWS\System32\msvcrt.dll
0x00007ffc6dfb0000 - 0x00007ffc6e009000 	C:\WINDOWS\System32\sechost.dll
0x00007ffc6efb0000 - 0x00007ffc6f0d5000 	C:\WINDOWS\System32\RPCRT4.dll
0x00007ffc6e210000 - 0x00007ffc6e35a000 	C:\WINDOWS\System32\USER32.dll
0x00007ffc6c2e0000 - 0x00007ffc6c2fe000 	C:\WINDOWS\System32\win32u.dll
0x00007ffc6f7a0000 - 0x00007ffc6f7c7000 	C:\WINDOWS\System32\GDI32.dll
0x00007ffc6b760000 - 0x00007ffc6b8e8000 	C:\WINDOWS\System32\gdi32full.dll
0x00007ffc6b6c0000 - 0x00007ffc6b75a000 	C:\WINDOWS\System32\msvcp_win.dll
0x00007ffc6c350000 - 0x00007ffc6c446000 	C:\WINDOWS\System32\ucrtbase.dll
0x00007ffc5ec30000 - 0x00007ffc5ee97000 	C:\WINDOWS\WinSxS\amd64_microsoft.windows.common-controls_6595b64144ccf1df_6.0.15063.1155_none_40c7922129a7722b\COMCTL32.dll
0x00007ffc6f400000 - 0x00007ffc6f6f9000 	C:\WINDOWS\System32\combase.dll
0x00007ffc6c270000 - 0x00007ffc6c2da000 	C:\WINDOWS\System32\bcryptPrimitives.dll
0x00007ffc6e010000 - 0x00007ffc6e03d000 	C:\WINDOWS\System32\IMM32.DLL
0x0000000180000000 - 0x000000018009c000 	C:\WINDOWS\LVUAAgentInstBaseRoot\system32\Vozokopot.dll
0x00007ffc5c7d0000 - 0x00007ffc5c800000 	C:\WINDOWS\LVUAAgentInstBaseRoot\system32\MozartBreathFw.dll
0x00007ffc6f390000 - 0x00007ffc6f3fc000 	C:\WINDOWS\System32\WS2_32.dll
0x00007ffc5c190000 - 0x00007ffc5c6dc000 	C:\WINDOWS\LVUAAgentInstBaseRoot\system32\MozartBreathCore.dll
0x00007ffc6c710000 - 0x00007ffc6c818000 	C:\WINDOWS\System32\COMDLG32.dll
0x00007ffc6df00000 - 0x00007ffc6dfaa000 	C:\WINDOWS\System32\shcore.dll
0x00007ffc6ef40000 - 0x00007ffc6ef91000 	C:\WINDOWS\System32\SHLWAPI.dll
0x00007ffc6cac0000 - 0x00007ffc6def8000 	C:\WINDOWS\System32\SHELL32.dll
0x00007ffc6c300000 - 0x00007ffc6c349000 	C:\WINDOWS\System32\cfgmgr32.dll
0x00007ffc6b8f0000 - 0x00007ffc6bfe1000 	C:\WINDOWS\System32\windows.storage.dll
0x00007ffc6b3d0000 - 0x00007ffc6b3e1000 	C:\WINDOWS\System32\kernel.appcore.dll
0x00007ffc6b360000 - 0x00007ffc6b3ac000 	C:\WINDOWS\System32\powrprof.dll
0x00007ffc6b3b0000 - 0x00007ffc6b3c5000 	C:\WINDOWS\System32\profapi.dll
0x00007ffc6e0c0000 - 0x00007ffc6e205000 	C:\WINDOWS\System32\ole32.dll
0x00007ffc6c8a0000 - 0x00007ffc6c960000 	C:\WINDOWS\System32\OLEAUT32.dll
0x000000005f580000 - 0x000000005f61a000 	C:\WINDOWS\LVUAAgentInstBaseRoot\system32\SteinwayMSVCRT.dll
0x000000005f390000 - 0x000000005f460000 	C:\WINDOWS\LVUAAgentInstBaseRoot\system32\SteinwayMSVCSTL.dll
0x00007ffc65b50000 - 0x00007ffc65bdb000 	C:\WINDOWS\SYSTEM32\WINSPOOL.DRV
0x00007ffc68480000 - 0x00007ffc68493000 	C:\WINDOWS\SYSTEM32\WTSAPI32.dll
0x00007ffc6a9d0000 - 0x00007ffc6aa74000 	C:\WINDOWS\SYSTEM32\DNSAPI.dll
0x00007ffc6efa0000 - 0x00007ffc6efa8000 	C:\WINDOWS\System32\NSI.dll
0x00007ffc5d0e0000 - 0x00007ffc5d0fb000 	C:\WINDOWS\SYSTEM32\MPR.dll
0x00007ffc6b230000 - 0x00007ffc6b255000 	C:\WINDOWS\SYSTEM32\bcrypt.dll
0x00007ffc6a980000 - 0x00007ffc6a9b7000 	C:\WINDOWS\SYSTEM32\IPHLPAPI.DLL
0x00007ffc5a7e0000 - 0x00007ffc5a81a000 	C:\WINDOWS\LVUAAgentInstBaseRoot\system32\MozartBreathNet.dll
0x00007ffc5a7c0000 - 0x00007ffc5a7d9000 	C:\WINDOWS\LVUAAgentInstBaseRoot\system32\MozartBreathBolo.dll
0x00007ffc5a7a0000 - 0x00007ffc5a7b5000 	C:\WINDOWS\LVUAAgentInstBaseRoot\system32\MozartBreathProtect.dll
0x000000005ddd0000 - 0x000000005dea2000 	C:\Program Files\Java\jdk1.8.0_91\jre\bin\msvcr100.dll
0x000000005c770000 - 0x000000005d003000 	C:\Program Files\Java\jdk1.8.0_91\jre\bin\server\jvm.dll
0x00007ffc6e910000 - 0x00007ffc6e918000 	C:\WINDOWS\System32\PSAPI.DLL
0x00007ffc59670000 - 0x00007ffc59679000 	C:\WINDOWS\SYSTEM32\WSOCK32.dll
0x00007ffc698b0000 - 0x00007ffc698d3000 	C:\WINDOWS\SYSTEM32\WINMM.dll
0x00007ffc6a640000 - 0x00007ffc6a64a000 	C:\WINDOWS\SYSTEM32\VERSION.dll
0x00007ffc69770000 - 0x00007ffc6979b000 	C:\WINDOWS\SYSTEM32\WINMMBASE.dll
0x000000005f060000 - 0x000000005f06f000 	C:\Program Files\Java\jdk1.8.0_91\jre\bin\verify.dll
0x000000005dda0000 - 0x000000005ddc9000 	C:\Program Files\Java\jdk1.8.0_91\jre\bin\java.dll
0x000000005f470000 - 0x000000005f493000 	C:\Program Files\Java\jdk1.8.0_91\jre\bin\instrument.dll
0x00007ffc67060000 - 0x00007ffc670c8000 	C:\WINDOWS\SYSTEM32\Wlanapi.dll
0x000000005dd80000 - 0x000000005dd96000 	C:\Program Files\Java\jdk1.8.0_91\jre\bin\zip.dll
0x00007ffc5bec0000 - 0x00007ffc5beda000 	D:\IDEA\IntelliJ IDEA 2017.3.4\bin\breakgen64.dll
0x000000005dd60000 - 0x000000005dd7a000 	C:\Program Files\Java\jdk1.8.0_91\jre\bin\net.dll
0x00007ffc6abe0000 - 0x00007ffc6ac3c000 	C:\WINDOWS\system32\mswsock.dll
0x00007ffc6ad80000 - 0x00007ffc6ad97000 	C:\WINDOWS\SYSTEM32\CRYPTSP.dll
0x00007ffc6a800000 - 0x00007ffc6a834000 	C:\WINDOWS\system32\rsaenh.dll
0x00007ffc6b260000 - 0x00007ffc6b289000 	C:\WINDOWS\SYSTEM32\USERENV.dll
0x00007ffc6ada0000 - 0x00007ffc6adab000 	C:\WINDOWS\SYSTEM32\CRYPTBASE.dll
0x00007ffc67ce0000 - 0x00007ffc67cf6000 	C:\WINDOWS\SYSTEM32\dhcpcsvc6.DLL
0x00007ffc67cc0000 - 0x00007ffc67cda000 	C:\WINDOWS\SYSTEM32\dhcpcsvc.DLL
0x000000005f240000 - 0x000000005f264000 	C:\Program Files\Java\jdk1.8.0_91\jre\bin\sunec.dll
0x000000005dd40000 - 0x000000005dd51000 	C:\Program Files\Java\jdk1.8.0_91\jre\bin\nio.dll
0x00007ffc554c0000 - 0x00007ffc554d6000 	C:\WINDOWS\system32\napinsp.dll
0x00007ffc554a0000 - 0x00007ffc554ba000 	C:\WINDOWS\system32\pnrpnsp.dll
0x00007ffc68090000 - 0x00007ffc680a8000 	C:\WINDOWS\system32\NLAapi.dll
0x00007ffc55490000 - 0x00007ffc5549e000 	C:\WINDOWS\System32\winrnr.dll
0x00007ffc66f10000 - 0x00007ffc66f1a000 	C:\Windows\System32\rasadhlp.dll
0x00007ffc67c30000 - 0x00007ffc67c9b000 	C:\WINDOWS\System32\fwpuclnt.dll

VM Arguments:
jvm_args: -javaagent:D:\IDEA\IntelliJ IDEA 2017.3.4\lib\idea_rt.jar=64868:D:\IDEA\IntelliJ IDEA 2017.3.4\bin -Dfile.encoding=UTF-8 
java_command: Engine
java_class_path (initial): C:\Program Files\Java\jdk1.8.0_91\jre\lib\charsets.jar;C:\Program Files\Java\jdk1.8.0_91\jre\lib\deploy.jar;C:\Program Files\Java\jdk1.8.0_91\jre\lib\ext\access-bridge-64.jar;C:\Program Files\Java\jdk1.8.0_91\jre\lib\ext\cldrdata.jar;C:\Program Files\Java\jdk1.8.0_91\jre\lib\ext\dnsns.jar;C:\Program Files\Java\jdk1.8.0_91\jre\lib\ext\jaccess.jar;C:\Program Files\Java\jdk1.8.0_91\jre\lib\ext\jfxrt.jar;C:\Program Files\Java\jdk1.8.0_91\jre\lib\ext\localedata.jar;C:\Program Files\Java\jdk1.8.0_91\jre\lib\ext\nashorn.jar;C:\Program Files\Java\jdk1.8.0_91\jre\lib\ext\sunec.jar;C:\Program Files\Java\jdk1.8.0_91\jre\lib\ext\sunjce_provider.jar;C:\Program Files\Java\jdk1.8.0_91\jre\lib\ext\sunmscapi.jar;C:\Program Files\Java\jdk1.8.0_91\jre\lib\ext\sunpkcs11.jar;C:\Program Files\Java\jdk1.8.0_91\jre\lib\ext\zipfs.jar;C:\Program Files\Java\jdk1.8.0_91\jre\lib\javaws.jar;C:\Program Files\Java\jdk1.8.0_91\jre\lib\jce.jar;C:\Program Files\Java\jdk1.8.0_91\jre\lib\jfr.jar;C:\Program Files\Java\jdk1.8.0_91\jre\lib\jfxswt.jar;C:\Program Files\Java\jdk1.8.0_91\jre\lib\jsse.jar;C:\Program Files\Java\jdk1.8.0_91\jre\lib\management-agent.jar;C:\Program Files\Java\jdk1.8.0_91\jre\lib\plugin.jar;C:\Program Files\Java\jdk1.8.0_91\jre\lib\resources.jar;C:\Program Files\Java\jdk1.8.0_91\jre\lib\rt.jar;C:\Users\Administrator\IdeaProjects\ScalaDemon\target\test-classes;C:\Users\Administrator\.m2\repository\io\gatling\highcharts\gatling-charts-highcharts\2.3.1\gatling-charts-highcharts-2.3.1.jar;C:\Users\Administrator\.m2\repository\io\gatling\gatling-charts\2.3.1\gatling-charts-2.3.1.jar;C:\Users\Administrator\.m2\repository\com\tdunning\t-digest\3.1\t-digest-3.1.jar;C:\Users\Administrator\.m2\repository\io\gatling\gatling-app\2.3.1\gatling-app-2.3.1.jar;C:\Users\Administrator\.m2\repository\io\gatling\gatling-core\2.3.1\gatling-core-2.3.1.jar;C:\Users\Administrator\.m2\repository\io\gatling\gatling-commons\2.3.1\gatling-commons-2.3.1.jar;C:\Users\Administrator\.
Launcher Type: SUN_STANDARD

Environment Variables:
JAVA_HOME=C:\Program Files\Java\jdk1.8.0_91
CLASSPATH=.;C:\Program Files\Java\jdk1.8.0_91/lib;C:\Program Files\Java\jdk1.8.0_91/lib/tools.jar;C:\Program Files\Java\jdk1.8.0_91/lib/dt.jar;E:\tools\≤‚ ‘\π§æﬂ\apache-jmeter-3.2\lib\ext\ApacheJMeter_core.jar;E:\tools\≤‚ ‘\π§æﬂ\apache-jmeter-3.2\lib\jorphan.jar;
PATH=C:\windows\system32\;C:\Program Files\Java\jdk1.8.0_91\bin;C:\Program Files\Java\jdk1.8.0_91\jre\bin;C:\Users\Administrator\AppData\Local\Programs\Python\Python36\;C:\Users\Administrator\AppData\Local\Programs\Python\Python36\Scripts\;D:\test_tools\apache-ant-1.10.5\bin;C:\WINDOWS\system32;C:\WINDOWS;C:\WINDOWS\System32\Wbem;C:\WINDOWS\System32\WindowsPowerShell\v1.0\;C:\Program Files\Git\cmd;C:\Program Files (x86)\Kingdee\Youshang\ysnp2;D:\adt-bundle-windows-x86_64-20140702\sdk\platform-tools;D:\adt-bundle-windows-x86_64-20140702\sdk\tools;C:\Program Files\nodejs\;C:\Program Files (x86)\scala\bin;D:\maven\apache-maven-3.6.3\bin;C:\Users\Administrator\AppData\Local\Programs\Fiddler;E:\tools\≤‚ ‘\π§æﬂ\apache-jmeter-3.2\bin;C:\Users\Administrator\AppData\Local\Microsoft\WindowsApps;C:\Users\Administrator\AppData\Roaming\npm
USERNAME=Administrator
OS=Windows_NT
PROCESSOR_IDENTIFIER=Intel64 Family 6 Model 94 Stepping 3, GenuineIntel



---------------  S Y S T E M  ---------------

OS: Windows 10.0 , 64 bit Build 15063 (10.0.15063.1058)

CPU:total 4 (4 cores per cpu, 1 threads per core) family 6 model 94 stepping 3, cmov, cx8, fxsr, mmx, sse, sse2, sse3, ssse3, sse4.1, sse4.2, popcnt, avx, avx2, aes, clmul, erms, rtm, 3dnowpref, lzcnt, tsc, tscinvbit, bmi1, bmi2, adx

Memory: 4k page, physical 16669908k(2260220k free), swap 32398800k(4328k free)

vm_info: Java HotSpot(TM) 64-Bit Server VM (25.91-b14) for windows-amd64 JRE (1.8.0_91-b14), built on Apr  1 2016 00:58:32 by "java_re" with MS VC++ 10.0 (VS2010)

time: Mon Jan 20 12:18:14 2020
elapsed time: 12 seconds (0d 0h 0m 12s)

